  pch.cpp
  BtnGUI.cpp
  CImGUIMgr.cpp
  Collider2DGUI.cpp
  ComponentGUI.cpp
  CSaveLoadMgr.cpp
  DataGUI.cpp
C:\Program Files (x86)\Microsoft Visual Studio\2019\Community\VC\Tools\MSVC\14.28.29333\include\xstring(2468,23): warning C4244: '인수': 'const wchar_t'에서 'const _Elem'(으)로 변환하면서 데이터가 손실될 수 있습니다.
          with
          [
              _Elem=char
          ]
C:\Program Files (x86)\Microsoft Visual Studio\2019\Community\VC\Tools\MSVC\14.28.29333\include\xstring(2479): message : 컴파일되는 함수 템플릿 인스턴스화 'void std::basic_string<char,std::char_traits<char>,std::allocator<char>>::_Construct<const wchar_t*>(_Iter,const _Iter,std::input_iterator_tag)'에 대한 참조를 확인하세요.
          with
          [
              _Iter=const wchar_t *
          ]
C:\Program Files (x86)\Microsoft Visual Studio\2019\Community\VC\Tools\MSVC\14.28.29333\include\xstring(2479): message : 컴파일되는 함수 템플릿 인스턴스화 'void std::basic_string<char,std::char_traits<char>,std::allocator<char>>::_Construct<const wchar_t*>(_Iter,const _Iter,std::input_iterator_tag)'에 대한 참조를 확인하세요.
          with
          [
              _Iter=const wchar_t *
          ]
C:\Program Files (x86)\Microsoft Visual Studio\2019\Community\VC\Tools\MSVC\14.28.29333\include\xstring(2459): message : 컴파일되는 함수 템플릿 인스턴스화 'void std::basic_string<char,std::char_traits<char>,std::allocator<char>>::_Construct<const wchar_t*>(const _Iter,const _Iter,std::forward_iterator_tag)'에 대한 참조를 확인하세요.
          with
          [
              _Iter=const wchar_t *
          ]
C:\Program Files (x86)\Microsoft Visual Studio\2019\Community\VC\Tools\MSVC\14.28.29333\include\xstring(2459): message : 컴파일되는 함수 템플릿 인스턴스화 'void std::basic_string<char,std::char_traits<char>,std::allocator<char>>::_Construct<const wchar_t*>(const _Iter,const _Iter,std::forward_iterator_tag)'에 대한 참조를 확인하세요.
          with
          [
              _Iter=const wchar_t *
          ]
C:\Users\박현아\Documents\GitHub\DirectX2d\Directx\Project\Client\DataGUI.cpp(114): message : 컴파일되는 함수 템플릿 인스턴스화 'std::basic_string<char,std::char_traits<char>,std::allocator<char>>::basic_string<std::_String_const_iterator<std::_String_val<std::_Simple_types<_Elem>>>,0>(_Iter,_Iter,const _Alloc &)'에 대한 참조를 확인하세요.
          with
          [
              _Elem=wchar_t,
              _Iter=std::_String_const_iterator<std::_String_val<std::_Simple_types<wchar_t>>>,
              _Alloc=std::allocator<char>
          ]
C:\Users\박현아\Documents\GitHub\DirectX2d\Directx\Project\Client\DataGUI.cpp(114): message : 컴파일되는 함수 템플릿 인스턴스화 'std::basic_string<char,std::char_traits<char>,std::allocator<char>>::basic_string<std::_String_const_iterator<std::_String_val<std::_Simple_types<_Elem>>>,0>(_Iter,_Iter,const _Alloc &)'에 대한 참조를 확인하세요.
          with
          [
              _Elem=wchar_t,
              _Iter=std::_String_const_iterator<std::_String_val<std::_Simple_types<wchar_t>>>,
              _Alloc=std::allocator<char>
          ]
  DebugGUI.cpp
  HierachyGUI.cpp
C:\Program Files (x86)\Microsoft Visual Studio\2019\Community\VC\Tools\MSVC\14.28.29333\include\xstring(2468,23): warning C4244: '인수': 'wchar_t'에서 'const _Elem'(으)로 변환하면서 데이터가 손실될 수 있습니다.
          with
          [
              _Elem=char
          ]
C:\Program Files (x86)\Microsoft Visual Studio\2019\Community\VC\Tools\MSVC\14.28.29333\include\xstring(2479): message : 컴파일되는 함수 템플릿 인스턴스화 'void std::basic_string<char,std::char_traits<char>,std::allocator<char>>::_Construct<wchar_t*>(_Iter,const _Iter,std::input_iterator_tag)'에 대한 참조를 확인하세요.
          with
          [
              _Iter=wchar_t *
          ]
C:\Program Files (x86)\Microsoft Visual Studio\2019\Community\VC\Tools\MSVC\14.28.29333\include\xstring(2479): message : 컴파일되는 함수 템플릿 인스턴스화 'void std::basic_string<char,std::char_traits<char>,std::allocator<char>>::_Construct<wchar_t*>(_Iter,const _Iter,std::input_iterator_tag)'에 대한 참조를 확인하세요.
          with
          [
              _Iter=wchar_t *
          ]
C:\Program Files (x86)\Microsoft Visual Studio\2019\Community\VC\Tools\MSVC\14.28.29333\include\xstring(2459): message : 컴파일되는 함수 템플릿 인스턴스화 'void std::basic_string<char,std::char_traits<char>,std::allocator<char>>::_Construct<wchar_t*>(const _Iter,const _Iter,std::forward_iterator_tag)'에 대한 참조를 확인하세요.
          with
          [
              _Iter=wchar_t *
          ]
C:\Program Files (x86)\Microsoft Visual Studio\2019\Community\VC\Tools\MSVC\14.28.29333\include\xstring(2459): message : 컴파일되는 함수 템플릿 인스턴스화 'void std::basic_string<char,std::char_traits<char>,std::allocator<char>>::_Construct<wchar_t*>(const _Iter,const _Iter,std::forward_iterator_tag)'에 대한 참조를 확인하세요.
          with
          [
              _Iter=wchar_t *
          ]
C:\Users\박현아\Documents\GitHub\DirectX2d\Directx\Project\Client\HierachyGUI.cpp(56): message : 컴파일되는 함수 템플릿 인스턴스화 'std::basic_string<char,std::char_traits<char>,std::allocator<char>>::basic_string<std::_String_iterator<std::_String_val<std::_Simple_types<_Elem>>>,0>(_Iter,_Iter,const _Alloc &)'에 대한 참조를 확인하세요.
          with
          [
              _Elem=wchar_t,
              _Iter=std::_String_iterator<std::_String_val<std::_Simple_types<wchar_t>>>,
              _Alloc=std::allocator<char>
          ]
C:\Users\박현아\Documents\GitHub\DirectX2d\Directx\Project\Client\HierachyGUI.cpp(56): message : 컴파일되는 함수 템플릿 인스턴스화 'std::basic_string<char,std::char_traits<char>,std::allocator<char>>::basic_string<std::_String_iterator<std::_String_val<std::_Simple_types<_Elem>>>,0>(_Iter,_Iter,const _Alloc &)'에 대한 참조를 확인하세요.
          with
          [
              _Elem=wchar_t,
              _Iter=std::_String_iterator<std::_String_val<std::_Simple_types<wchar_t>>>,
              _Alloc=std::allocator<char>
          ]
  InspectorGUI.cpp
  ListGUI.cpp
C:\Users\박현아\Documents\GitHub\DirectX2d\Directx\Project\Client\ListGUI.cpp(33,34): warning C4267: '=': 'size_t'에서 'int'(으)로 변환하면서 데이터가 손실될 수 있습니다.
  MaptoolGUI.cpp
C:\Users\박현아\Documents\GitHub\DirectX2d\Directx\Project\Client\MaptoolGUI.cpp(47,10): warning C4244: '초기화 중': 'float'에서 'int'(으)로 변환하면서 데이터가 손실될 수 있습니다.
C:\Users\박현아\Documents\GitHub\DirectX2d\Directx\Project\Client\MaptoolGUI.cpp(48,10): warning C4244: '초기화 중': 'float'에서 'int'(으)로 변환하면서 데이터가 손실될 수 있습니다.
  MaterialGUI.cpp
C:\Program Files (x86)\Microsoft Visual Studio\2019\Community\VC\Tools\MSVC\14.28.29333\include\xstring(2468,23): warning C4244: '인수': 'const wchar_t'에서 'const _Elem'(으)로 변환하면서 데이터가 손실될 수 있습니다.
          with
          [
              _Elem=char
          ]
C:\Program Files (x86)\Microsoft Visual Studio\2019\Community\VC\Tools\MSVC\14.28.29333\include\xstring(2479): message : 컴파일되는 함수 템플릿 인스턴스화 'void std::basic_string<char,std::char_traits<char>,std::allocator<char>>::_Construct<const wchar_t*>(_Iter,const _Iter,std::input_iterator_tag)'에 대한 참조를 확인하세요.
          with
          [
              _Iter=const wchar_t *
          ]
C:\Program Files (x86)\Microsoft Visual Studio\2019\Community\VC\Tools\MSVC\14.28.29333\include\xstring(2479): message : 컴파일되는 함수 템플릿 인스턴스화 'void std::basic_string<char,std::char_traits<char>,std::allocator<char>>::_Construct<const wchar_t*>(_Iter,const _Iter,std::input_iterator_tag)'에 대한 참조를 확인하세요.
          with
          [
              _Iter=const wchar_t *
          ]
C:\Program Files (x86)\Microsoft Visual Studio\2019\Community\VC\Tools\MSVC\14.28.29333\include\xstring(2459): message : 컴파일되는 함수 템플릿 인스턴스화 'void std::basic_string<char,std::char_traits<char>,std::allocator<char>>::_Construct<const wchar_t*>(const _Iter,const _Iter,std::forward_iterator_tag)'에 대한 참조를 확인하세요.
          with
          [
              _Iter=const wchar_t *
          ]
C:\Program Files (x86)\Microsoft Visual Studio\2019\Community\VC\Tools\MSVC\14.28.29333\include\xstring(2459): message : 컴파일되는 함수 템플릿 인스턴스화 'void std::basic_string<char,std::char_traits<char>,std::allocator<char>>::_Construct<const wchar_t*>(const _Iter,const _Iter,std::forward_iterator_tag)'에 대한 참조를 확인하세요.
          with
          [
              _Iter=const wchar_t *
          ]
C:\Users\박현아\Documents\GitHub\DirectX2d\Directx\Project\Client\MaterialGUI.cpp(61): message : 컴파일되는 함수 템플릿 인스턴스화 'std::basic_string<char,std::char_traits<char>,std::allocator<char>>::basic_string<std::_String_const_iterator<std::_String_val<std::_Simple_types<_Elem>>>,0>(_Iter,_Iter,const _Alloc &)'에 대한 참조를 확인하세요.
          with
          [
              _Elem=wchar_t,
              _Iter=std::_String_const_iterator<std::_String_val<std::_Simple_types<wchar_t>>>,
              _Alloc=std::allocator<char>
          ]
C:\Users\박현아\Documents\GitHub\DirectX2d\Directx\Project\Client\MaterialGUI.cpp(61): message : 컴파일되는 함수 템플릿 인스턴스화 'std::basic_string<char,std::char_traits<char>,std::allocator<char>>::basic_string<std::_String_const_iterator<std::_String_val<std::_Simple_types<_Elem>>>,0>(_Iter,_Iter,const _Alloc &)'에 대한 참조를 확인하세요.
          with
          [
              _Elem=wchar_t,
              _Iter=std::_String_const_iterator<std::_String_val<std::_Simple_types<wchar_t>>>,
              _Alloc=std::allocator<char>
          ]
  MenuGUI.cpp
  MeshRenderGUI.cpp
C:\Program Files (x86)\Microsoft Visual Studio\2019\Community\VC\Tools\MSVC\14.28.29333\include\xstring(2468,23): warning C4244: '인수': 'wchar_t'에서 'const _Elem'(으)로 변환하면서 데이터가 손실될 수 있습니다.
          with
          [
              _Elem=char
          ]
C:\Program Files (x86)\Microsoft Visual Studio\2019\Community\VC\Tools\MSVC\14.28.29333\include\xstring(2479): message : 컴파일되는 함수 템플릿 인스턴스화 'void std::basic_string<char,std::char_traits<char>,std::allocator<char>>::_Construct<wchar_t*>(_Iter,const _Iter,std::input_iterator_tag)'에 대한 참조를 확인하세요.
          with
          [
              _Iter=wchar_t *
          ]
C:\Program Files (x86)\Microsoft Visual Studio\2019\Community\VC\Tools\MSVC\14.28.29333\include\xstring(2479): message : 컴파일되는 함수 템플릿 인스턴스화 'void std::basic_string<char,std::char_traits<char>,std::allocator<char>>::_Construct<wchar_t*>(_Iter,const _Iter,std::input_iterator_tag)'에 대한 참조를 확인하세요.
          with
          [
              _Iter=wchar_t *
          ]
C:\Program Files (x86)\Microsoft Visual Studio\2019\Community\VC\Tools\MSVC\14.28.29333\include\xstring(2459): message : 컴파일되는 함수 템플릿 인스턴스화 'void std::basic_string<char,std::char_traits<char>,std::allocator<char>>::_Construct<wchar_t*>(const _Iter,const _Iter,std::forward_iterator_tag)'에 대한 참조를 확인하세요.
          with
          [
              _Iter=wchar_t *
          ]
C:\Program Files (x86)\Microsoft Visual Studio\2019\Community\VC\Tools\MSVC\14.28.29333\include\xstring(2459): message : 컴파일되는 함수 템플릿 인스턴스화 'void std::basic_string<char,std::char_traits<char>,std::allocator<char>>::_Construct<wchar_t*>(const _Iter,const _Iter,std::forward_iterator_tag)'에 대한 참조를 확인하세요.
          with
          [
              _Iter=wchar_t *
          ]
C:\Users\박현아\Documents\GitHub\DirectX2d\Directx\Project\Client\MeshRenderGUI.cpp(39): message : 컴파일되는 함수 템플릿 인스턴스화 'std::basic_string<char,std::char_traits<char>,std::allocator<char>>::basic_string<std::_String_iterator<std::_String_val<std::_Simple_types<_Elem>>>,0>(_Iter,_Iter,const _Alloc &)'에 대한 참조를 확인하세요.
          with
          [
              _Elem=wchar_t,
              _Iter=std::_String_iterator<std::_String_val<std::_Simple_types<wchar_t>>>,
              _Alloc=std::allocator<char>
          ]
C:\Users\박현아\Documents\GitHub\DirectX2d\Directx\Project\Client\MeshRenderGUI.cpp(39): message : 컴파일되는 함수 템플릿 인스턴스화 'std::basic_string<char,std::char_traits<char>,std::allocator<char>>::basic_string<std::_String_iterator<std::_String_val<std::_Simple_types<_Elem>>>,0>(_Iter,_Iter,const _Alloc &)'에 대한 참조를 확인하세요.
          with
          [
              _Elem=wchar_t,
              _Iter=std::_String_iterator<std::_String_val<std::_Simple_types<wchar_t>>>,
              _Alloc=std::allocator<char>
          ]
C:\Program Files (x86)\Microsoft Visual Studio\2019\Community\VC\Tools\MSVC\14.28.29333\include\xstring(2468,23): warning C4244: '인수': 'const wchar_t'에서 'const _Elem'(으)로 변환하면서 데이터가 손실될 수 있습니다.
          with
          [
              _Elem=char
          ]
C:\Program Files (x86)\Microsoft Visual Studio\2019\Community\VC\Tools\MSVC\14.28.29333\include\xstring(2479): message : 컴파일되는 함수 템플릿 인스턴스화 'void std::basic_string<char,std::char_traits<char>,std::allocator<char>>::_Construct<const wchar_t*>(_Iter,const _Iter,std::input_iterator_tag)'에 대한 참조를 확인하세요.
          with
          [
              _Iter=const wchar_t *
          ]
C:\Program Files (x86)\Microsoft Visual Studio\2019\Community\VC\Tools\MSVC\14.28.29333\include\xstring(2479): message : 컴파일되는 함수 템플릿 인스턴스화 'void std::basic_string<char,std::char_traits<char>,std::allocator<char>>::_Construct<const wchar_t*>(_Iter,const _Iter,std::input_iterator_tag)'에 대한 참조를 확인하세요.
          with
          [
              _Iter=const wchar_t *
          ]
C:\Program Files (x86)\Microsoft Visual Studio\2019\Community\VC\Tools\MSVC\14.28.29333\include\xstring(2459): message : 컴파일되는 함수 템플릿 인스턴스화 'void std::basic_string<char,std::char_traits<char>,std::allocator<char>>::_Construct<const wchar_t*>(const _Iter,const _Iter,std::forward_iterator_tag)'에 대한 참조를 확인하세요.
          with
          [
              _Iter=const wchar_t *
          ]
C:\Program Files (x86)\Microsoft Visual Studio\2019\Community\VC\Tools\MSVC\14.28.29333\include\xstring(2459): message : 컴파일되는 함수 템플릿 인스턴스화 'void std::basic_string<char,std::char_traits<char>,std::allocator<char>>::_Construct<const wchar_t*>(const _Iter,const _Iter,std::forward_iterator_tag)'에 대한 참조를 확인하세요.
          with
          [
              _Iter=const wchar_t *
          ]
C:\Users\박현아\Documents\GitHub\DirectX2d\Directx\Project\Client\MeshRenderGUI.cpp(71): message : 컴파일되는 함수 템플릿 인스턴스화 'std::basic_string<char,std::char_traits<char>,std::allocator<char>>::basic_string<std::_String_const_iterator<std::_String_val<std::_Simple_types<_Elem>>>,0>(_Iter,_Iter,const _Alloc &)'에 대한 참조를 확인하세요.
          with
          [
              _Elem=wchar_t,
              _Iter=std::_String_const_iterator<std::_String_val<std::_Simple_types<wchar_t>>>,
              _Alloc=std::allocator<char>
          ]
C:\Users\박현아\Documents\GitHub\DirectX2d\Directx\Project\Client\MeshRenderGUI.cpp(71): message : 컴파일되는 함수 템플릿 인스턴스화 'std::basic_string<char,std::char_traits<char>,std::allocator<char>>::basic_string<std::_String_const_iterator<std::_String_val<std::_Simple_types<_Elem>>>,0>(_Iter,_Iter,const _Alloc &)'에 대한 참조를 확인하세요.
          with
          [
              _Elem=wchar_t,
              _Iter=std::_String_const_iterator<std::_String_val<std::_Simple_types<wchar_t>>>,
              _Alloc=std::allocator<char>
          ]
  ResGUI.cpp
  ResInfoGUI.cpp
  ScriptGUI.cpp
  TransformGUI.cpp
  GUI.cpp
  imgui.cpp
  코드를 생성하고 있습니다...
  컴파일하고 있습니다...
  imgui_demo.cpp
  imgui_draw.cpp
  imgui_impl_dx11.cpp
  imgui_impl_win32.cpp
  imgui_tables.cpp
  imgui_widgets.cpp
  main.cpp
  TestScene.cpp
  TreeCtrl.cpp
  코드를 생성하고 있습니다...
DirectXTex_debug.lib(BC.obj) : warning LNK4099: 'DirectXTex.pdb' PDB를 'DirectXTex_debug.lib(BC.obj)' 또는 'C:\Users\박현아\Documents\GitHub\DirectX2d\Directx\OutputFile\bin_debug\DirectXTex.pdb'에서 찾을 수 없습니다. 디버그 정보가 없는 것처럼 개체를 링크합니다.
DirectXTex_debug.lib(BC4BC5.obj) : warning LNK4099: 'DirectXTex.pdb' PDB를 'DirectXTex_debug.lib(BC4BC5.obj)' 또는 'C:\Users\박현아\Documents\GitHub\DirectX2d\Directx\OutputFile\bin_debug\DirectXTex.pdb'에서 찾을 수 없습니다. 디버그 정보가 없는 것처럼 개체를 링크합니다.
DirectXTex_debug.lib(BC6HBC7.obj) : warning LNK4099: 'DirectXTex.pdb' PDB를 'DirectXTex_debug.lib(BC6HBC7.obj)' 또는 'C:\Users\박현아\Documents\GitHub\DirectX2d\Directx\OutputFile\bin_debug\DirectXTex.pdb'에서 찾을 수 없습니다. 디버그 정보가 없는 것처럼 개체를 링크합니다.
DirectXTex_debug.lib(DirectXTexCompress.obj) : warning LNK4099: 'DirectXTex.pdb' PDB를 'DirectXTex_debug.lib(DirectXTexCompress.obj)' 또는 'C:\Users\박현아\Documents\GitHub\DirectX2d\Directx\OutputFile\bin_debug\DirectXTex.pdb'에서 찾을 수 없습니다. 디버그 정보가 없는 것처럼 개체를 링크합니다.
DirectXTex_debug.lib(DirectXTexConvert.obj) : warning LNK4099: 'DirectXTex.pdb' PDB를 'DirectXTex_debug.lib(DirectXTexConvert.obj)' 또는 'C:\Users\박현아\Documents\GitHub\DirectX2d\Directx\OutputFile\bin_debug\DirectXTex.pdb'에서 찾을 수 없습니다. 디버그 정보가 없는 것처럼 개체를 링크합니다.
DirectXTex_debug.lib(DirectXTexD3D11.obj) : warning LNK4099: 'DirectXTex.pdb' PDB를 'DirectXTex_debug.lib(DirectXTexD3D11.obj)' 또는 'C:\Users\박현아\Documents\GitHub\DirectX2d\Directx\OutputFile\bin_debug\DirectXTex.pdb'에서 찾을 수 없습니다. 디버그 정보가 없는 것처럼 개체를 링크합니다.
DirectXTex_debug.lib(DirectXTexDDS.obj) : warning LNK4099: 'DirectXTex.pdb' PDB를 'DirectXTex_debug.lib(DirectXTexDDS.obj)' 또는 'C:\Users\박현아\Documents\GitHub\DirectX2d\Directx\OutputFile\bin_debug\DirectXTex.pdb'에서 찾을 수 없습니다. 디버그 정보가 없는 것처럼 개체를 링크합니다.
DirectXTex_debug.lib(DirectXTexImage.obj) : warning LNK4099: 'DirectXTex.pdb' PDB를 'DirectXTex_debug.lib(DirectXTexImage.obj)' 또는 'C:\Users\박현아\Documents\GitHub\DirectX2d\Directx\OutputFile\bin_debug\DirectXTex.pdb'에서 찾을 수 없습니다. 디버그 정보가 없는 것처럼 개체를 링크합니다.
DirectXTex_debug.lib(DirectXTexMipMaps.obj) : warning LNK4099: '' PDB를 'DirectXTex_debug.lib(DirectXTexMipMaps.obj)' 또는 ''에서 찾을 수 없습니다. 디버그 정보가 없는 것처럼 개체를 링크합니다.
DirectXTex_debug.lib(DirectXTexTGA.obj) : warning LNK4099: 'DirectXTex.pdb' PDB를 'DirectXTex_debug.lib(DirectXTexTGA.obj)' 또는 'C:\Users\박현아\Documents\GitHub\DirectX2d\Directx\OutputFile\bin_debug\DirectXTex.pdb'에서 찾을 수 없습니다. 디버그 정보가 없는 것처럼 개체를 링크합니다.
DirectXTex_debug.lib(DirectXTexUtil.obj) : warning LNK4099: 'DirectXTex.pdb' PDB를 'DirectXTex_debug.lib(DirectXTexUtil.obj)' 또는 'C:\Users\박현아\Documents\GitHub\DirectX2d\Directx\OutputFile\bin_debug\DirectXTex.pdb'에서 찾을 수 없습니다. 디버그 정보가 없는 것처럼 개체를 링크합니다.
DirectXTex_debug.lib(DirectXTexWIC.obj) : warning LNK4099: 'DirectXTex.pdb' PDB를 'DirectXTex_debug.lib(DirectXTexWIC.obj)' 또는 'C:\Users\박현아\Documents\GitHub\DirectX2d\Directx\OutputFile\bin_debug\DirectXTex.pdb'에서 찾을 수 없습니다. 디버그 정보가 없는 것처럼 개체를 링크합니다.
  Client.vcxproj -> C:\Users\박현아\Documents\GitHub\DirectX2d\Directx\OutputFile\bin_debug\Client.exe
